0 info it worked if it ends with ok
1 verbose cli [ '/usr/bin/nodejs',
1 verbose cli   '/usr/bin/npm',
1 verbose cli   'install',
1 verbose cli   'grunt-cli',
1 verbose cli   '--g' ]
2 info using npm@1.3.10
3 info using node@v0.10.25
4 verbose cache add [ 'grunt-cli', null ]
5 verbose cache add name=undefined spec="grunt-cli" args=["grunt-cli",null]
6 verbose parsed url { protocol: null,
6 verbose parsed url   slashes: null,
6 verbose parsed url   auth: null,
6 verbose parsed url   host: null,
6 verbose parsed url   port: null,
6 verbose parsed url   hostname: null,
6 verbose parsed url   hash: null,
6 verbose parsed url   search: null,
6 verbose parsed url   query: null,
6 verbose parsed url   pathname: 'grunt-cli',
6 verbose parsed url   path: 'grunt-cli',
6 verbose parsed url   href: 'grunt-cli' }
7 silly lockFile 671ef8ac-grunt-cli grunt-cli
8 verbose lock grunt-cli /home/systems/.npm/671ef8ac-grunt-cli.lock
9 silly lockFile 671ef8ac-grunt-cli grunt-cli
10 silly lockFile 671ef8ac-grunt-cli grunt-cli
11 verbose addNamed [ 'grunt-cli', '' ]
12 verbose addNamed [ null, '*' ]
13 silly lockFile d63f3d0b-grunt-cli grunt-cli@
14 verbose lock grunt-cli@ /home/systems/.npm/d63f3d0b-grunt-cli.lock
15 silly addNameRange { name: 'grunt-cli', range: '*', hasData: false }
16 verbose url raw grunt-cli
17 verbose url resolving [ 'https://registry.npmjs.org/', './grunt-cli' ]
18 verbose url resolved https://registry.npmjs.org/grunt-cli
19 info trying registry request attempt 1 at 09:37:22
20 http GET https://registry.npmjs.org/grunt-cli
21 http 200 https://registry.npmjs.org/grunt-cli
22 silly registry.get cb [ 200,
22 silly registry.get   { date: 'Mon, 23 Feb 2015 17:37:22 GMT',
22 silly registry.get     server: 'CouchDB/1.6.1 (Erlang OTP/R14B04)',
22 silly registry.get     etag: '"2V9D8B3ZWHBNO7QFHJNCOGCDJ"',
22 silly registry.get     'content-type': 'application/json',
22 silly registry.get     'cache-control': 'max-age=60',
22 silly registry.get     'content-length': '20500',
22 silly registry.get     'accept-ranges': 'bytes',
22 silly registry.get     via: '1.1 varnish',
22 silly registry.get     age: '49',
22 silly registry.get     'x-served-by': 'cache-sjc3130-SJC',
22 silly registry.get     'x-cache': 'HIT',
22 silly registry.get     'x-cache-hits': '119',
22 silly registry.get     'x-timer': 'S1424713042.822257,VS0,VE0',
22 silly registry.get     vary: 'Accept',
22 silly registry.get     'keep-alive': 'timeout=10, max=50',
22 silly registry.get     connection: 'Keep-Alive' } ]
23 silly addNameRange number 2 { name: 'grunt-cli', range: '*', hasData: true }
24 silly addNameRange versions [ 'grunt-cli',
24 silly addNameRange   [ '0.1.0',
24 silly addNameRange     '0.1.1',
24 silly addNameRange     '0.1.2',
24 silly addNameRange     '0.1.3',
24 silly addNameRange     '0.1.4',
24 silly addNameRange     '0.1.5',
24 silly addNameRange     '0.1.6',
24 silly addNameRange     '0.1.7',
24 silly addNameRange     '0.1.8',
24 silly addNameRange     '0.1.9',
24 silly addNameRange     '0.1.10',
24 silly addNameRange     '0.1.11',
24 silly addNameRange     '0.1.12',
24 silly addNameRange     '0.1.13' ] ]
25 verbose addNamed [ 'grunt-cli', '0.1.13' ]
26 verbose addNamed [ '0.1.13', '0.1.13' ]
27 silly lockFile 28997503-grunt-cli-0-1-13 grunt-cli@0.1.13
28 verbose lock grunt-cli@0.1.13 /home/systems/.npm/28997503-grunt-cli-0-1-13.lock
29 silly lockFile ab76c46e-g-grunt-cli-grunt-cli-0-1-13-tgz https://registry.npmjs.org/grunt-cli/-/grunt-cli-0.1.13.tgz
30 verbose lock https://registry.npmjs.org/grunt-cli/-/grunt-cli-0.1.13.tgz /home/systems/.npm/ab76c46e-g-grunt-cli-grunt-cli-0-1-13-tgz.lock
31 verbose addRemoteTarball [ 'https://registry.npmjs.org/grunt-cli/-/grunt-cli-0.1.13.tgz',
31 verbose addRemoteTarball   'e9ebc4047631f5012d922770c39378133cad10f4' ]
32 silly lockFile ab76c46e-g-grunt-cli-grunt-cli-0-1-13-tgz https://registry.npmjs.org/grunt-cli/-/grunt-cli-0.1.13.tgz
33 silly lockFile ab76c46e-g-grunt-cli-grunt-cli-0-1-13-tgz https://registry.npmjs.org/grunt-cli/-/grunt-cli-0.1.13.tgz
34 silly lockFile 28997503-grunt-cli-0-1-13 grunt-cli@0.1.13
35 silly lockFile 28997503-grunt-cli-0-1-13 grunt-cli@0.1.13
36 silly lockFile d63f3d0b-grunt-cli grunt-cli@
37 silly lockFile d63f3d0b-grunt-cli grunt-cli@
38 error Error: EACCES, mkdir '/home/systems/tmp/npm-4327-HgXNOw4j'
38 error  { [Error: EACCES, mkdir '/home/systems/tmp/npm-4327-HgXNOw4j']
38 error   errno: 3,
38 error   code: 'EACCES',
38 error   path: '/home/systems/tmp/npm-4327-HgXNOw4j' }
39 error Please try running this command again as root/Administrator.
40 error System Linux 3.13.0-45-generic
41 error command "/usr/bin/nodejs" "/usr/bin/npm" "install" "grunt-cli" "--g"
42 error cwd /home/systems/mediexcel/dentaldev/Expedientedental
43 error node -v v0.10.25
44 error npm -v 1.3.10
45 error path /home/systems/tmp/npm-4327-HgXNOw4j
46 error code EACCES
47 error errno 3
48 error stack Error: EACCES, mkdir '/home/systems/tmp/npm-4327-HgXNOw4j'
49 verbose exit [ 3, true ]
